#
# There is insufficient memory for the Java Runtime Environment to continue.
# Native memory allocation (mmap) failed to map 255852544 bytes. Error detail: G1 virtual space
# Possible reasons:
#   The system is out of physical RAM or swap space
#   This process is running with CompressedOops enabled, and the Java Heap may be blocking the growth of the native heap
# Possible solutions:
#   Reduce memory load on the system
#   Increase physical memory or swap space
#   Check if swap backing store is full
#   Decrease Java heap size (-Xmx/-Xms)
#   Decrease number of Java threads
#   Decrease Java thread stack sizes (-Xss)
#   Set larger code cache with -XX:ReservedCodeCacheSize=
#   JVM is running with Zero Based Compressed Oops mode in which the Java heap is
#     placed in the first 32GB address space. The Java Heap base address is the
#     maximum limit for the native heap growth. Please use -XX:HeapBaseMinAddress
#     to set the Java Heap base and to place the Java Heap above 32GB virtual address.
# This output file may be truncated or incomplete.
#
#  Out of Memory Error (os_windows.cpp:3825), pid=38048, tid=36816
#
# JRE version:  (17.0.11) (build )
# Java VM: OpenJDK 64-Bit Server VM (17.0.11+0--11852314, mixed mode, sharing, tiered, compressed oops, compressed class ptrs, g1 gc, windows-amd64)
# No core dump will be written. Minidumps are not enabled by default on client versions of Windows
#

---------------  S U M M A R Y ------------

Command Line: git4idea.http.GitAskPassApp Username for 'https://github.com': 

Host: AMD Ryzen 7 6800H with Radeon Graphics         , 16 cores, 15G,  Windows 11 , 64 bit Build 26100 (10.0.26100.2454)
Time: Tue Dec  3 13:13:10 2024 SE Asia Standard Time elapsed time: 0.022430 seconds (0d 0h 0m 0s)

---------------  T H R E A D  ---------------

Current thread (0x000002179502b0b0):  JavaThread "Unknown thread" [_thread_in_vm, id=36816, stack(0x000000de3b400000,0x000000de3b500000)]

Stack: [0x000000de3b400000,0x000000de3b500000]
Native frames: (J=compiled Java code, j=interpreted, Vv=VM code, C=native code)
V  [jvm.dll+0x687bb9]
V  [jvm.dll+0x84142a]
V  [jvm.dll+0x8430ae]
V  [jvm.dll+0x843713]
V  [jvm.dll+0x24a35f]
V  [jvm.dll+0x684989]
V  [jvm.dll+0x67923a]
V  [jvm.dll+0x30af0b]
V  [jvm.dll+0x3123b6]
V  [jvm.dll+0x361dfe]
V  [jvm.dll+0x36202f]
V  [jvm.dll+0x2e0d38]
V  [jvm.dll+0x2e1ca4]
V  [jvm.dll+0x811f21]
V  [jvm.dll+0x36fb68]
V  [jvm.dll+0x7f0896]
V  [jvm.dll+0x3f3d2f]
V  [jvm.dll+0x3f58e1]
C  [jli.dll+0x528f]
C  [ucrtbase.dll+0x14ea0]
C  [KERNEL32.DLL+0x2e8d7]
C  [ntdll.dll+0xdfbcc]


---------------  P R O C E S S  ---------------

Threads class SMR info:
_java_thread_list=0x00007ffab3f9efd8, length=0, elements={
}

Java Threads: ( => current thread )

Other Threads:
  0x0000021795098490 GCTaskThread "GC Thread#0" [stack: 0x000000de3b500000,0x000000de3b600000] [id=36148]
  0x00000217950a9a60 ConcurrentGCThread "G1 Main Marker" [stack: 0x000000de3b600000,0x000000de3b700000] [id=15676]
  0x00000217950ab230 ConcurrentGCThread "G1 Conc#0" [stack: 0x000000de3b700000,0x000000de3b800000] [id=21004]

[error occurred during error reporting (printing all threads), id 0xc0000005, EXCEPTION_ACCESS_VIOLATION (0xc0000005) at pc=0x00007ffab3751907]

VM state: not at safepoint (not fully initialized)

VM Mutex/Monitor currently owned by a thread:  ([mutex/lock_event])
[0x00000217950266d0] Heap_lock - owner thread: 0x000002179502b0b0

Heap address: 0x000000070ce00000, size: 3890 MB, Compressed Oops mode: Zero based, Oop shift amount: 3

CDS archive(s) mapped at: [0x0000000000000000-0x0000000000000000-0x0000000000000000), size 0, SharedBaseAddress: 0x0000000800000000, ArchiveRelocationMode: 1.
Narrow klass base: 0x0000000000000000, Narrow klass shift: 0, Narrow klass range: 0x0

GC Precious Log:
<Empty>

Heap:
 garbage-first heap   total 0K, used 0K [0x000000070ce00000, 0x0000000800000000)
  region size 2048K, 0 young (0K), 0 survivors (0K)
 Metaspace       used 0K, committed 0K, reserved 0K
  class space    used 0K, committed 0K, reserved 0K

Heap Regions: E=young(eden), S=young(survivor), O=old, HS=humongous(starts), HC=humongous(continues), CS=collection set, F=free, OA=open archive, CA=closed archive, TAMS=top-at-mark-start (previous, next)

Card table byte_map: [0x00000217a8520000,0x00000217a8cc0000] _byte_map_base: 0x00000217a4cb9000

Marking Bits (Prev, Next): (CMBitMap*) 0x00000217950989b0, (CMBitMap*) 0x00000217950989f0
 Prev Bits: [0x00000217a9460000, 0x00000217ad128000)
 Next Bits: [0x00000217ad130000, 0x00000217b0df8000)

GC Heap History (0 events):
No events

Dll operation events (1 events):
Event: 0.013 Loaded shared library D:\kuliah\Folder-semester\semester-5\5. Pengembangan apk Mobile\AS-dictionary\jbr\bin\java.dll

Deoptimization events (0 events):
No events

Classes unloaded (0 events):
No events

Classes redefined (0 events):
No events

Internal exceptions (0 events):
No events

VM Operations (0 events):
No events

Events (0 events):
No events


Dynamic libraries:
0x00007ff69a3f0000 - 0x00007ff69a3fa000 	D:\kuliah\Folder-semester\semester-5\5. Pengembangan apk Mobile\AS-dictionary\jbr\bin\java.exe
0x00007ffb35c00000 - 0x00007ffb35e63000 	C:\WINDOWS\SYSTEM32\ntdll.dll
0x00007ffb354e0000 - 0x00007ffb355a8000 	C:\WINDOWS\System32\KERNEL32.DLL
0x00007ffb336a0000 - 0x00007ffb33a52000 	C:\WINDOWS\System32\KERNELBASE.dll
0x00007ffb33490000 - 0x00007ffb335db000 	C:\WINDOWS\System32\ucrtbase.dll
0x00007ffb0f6e0000 - 0x00007ffb0f6fb000 	D:\kuliah\Folder-semester\semester-5\5. Pengembangan apk Mobile\AS-dictionary\jbr\bin\VCRUNTIME140.dll
0x00007ffb0de70000 - 0x00007ffb0de87000 	D:\kuliah\Folder-semester\semester-5\5. Pengembangan apk Mobile\AS-dictionary\jbr\bin\jli.dll
0x00007ffb35110000 - 0x00007ffb352d8000 	C:\WINDOWS\System32\USER32.dll
0x00007ffb33280000 - 0x00007ffb332a7000 	C:\WINDOWS\System32\win32u.dll
0x00007ffb13730000 - 0x00007ffb139c0000 	C:\WINDOWS\WinSxS\amd64_microsoft.windows.common-controls_6595b64144ccf1df_6.0.26100.2454_none_3e0b68a2e331ad60\COMCTL32.dll
0x00007ffb355b0000 - 0x00007ffb35659000 	C:\WINDOWS\System32\msvcrt.dll
0x00007ffb35670000 - 0x00007ffb3569a000 	C:\WINDOWS\System32\GDI32.dll
0x00007ffb32fd0000 - 0x00007ffb330fb000 	C:\WINDOWS\System32\gdi32full.dll
0x00007ffb33350000 - 0x00007ffb333f3000 	C:\WINDOWS\System32\msvcp_win.dll
0x00007ffb34250000 - 0x00007ffb3427f000 	C:\WINDOWS\System32\IMM32.DLL
0x00007ffb132c0000 - 0x00007ffb132cc000 	D:\kuliah\Folder-semester\semester-5\5. Pengembangan apk Mobile\AS-dictionary\jbr\bin\vcruntime140_1.dll
0x00007ffb06f80000 - 0x00007ffb0700d000 	D:\kuliah\Folder-semester\semester-5\5. Pengembangan apk Mobile\AS-dictionary\jbr\bin\msvcp140.dll
0x00007ffab3460000 - 0x00007ffab40e3000 	D:\kuliah\Folder-semester\semester-5\5. Pengembangan apk Mobile\AS-dictionary\jbr\bin\server\jvm.dll
0x00007ffb35420000 - 0x00007ffb354d4000 	C:\WINDOWS\System32\ADVAPI32.dll
0x00007ffb358f0000 - 0x00007ffb35996000 	C:\WINDOWS\System32\sechost.dll
0x00007ffb359a0000 - 0x00007ffb35ab6000 	C:\WINDOWS\System32\RPCRT4.dll
0x00007ffb27670000 - 0x00007ffb276a6000 	C:\WINDOWS\SYSTEM32\WINMM.dll
0x00007ffb2f530000 - 0x00007ffb2f53a000 	C:\WINDOWS\SYSTEM32\WSOCK32.dll
0x00007ffb31c80000 - 0x00007ffb31cce000 	C:\WINDOWS\SYSTEM32\POWRPROF.dll
0x00007ffb2abb0000 - 0x00007ffb2abbb000 	C:\WINDOWS\SYSTEM32\VERSION.dll
0x00007ffb35090000 - 0x00007ffb35104000 	C:\WINDOWS\System32\WS2_32.dll
0x00007ffb31c60000 - 0x00007ffb31c74000 	C:\WINDOWS\SYSTEM32\UMPDC.dll
0x00007ffb31f20000 - 0x00007ffb31f3a000 	C:\WINDOWS\SYSTEM32\kernel.appcore.dll
0x00007ffb2f520000 - 0x00007ffb2f52a000 	D:\kuliah\Folder-semester\semester-5\5. Pengembangan apk Mobile\AS-dictionary\jbr\bin\jimage.dll
0x00007ffb308d0000 - 0x00007ffb30b11000 	C:\WINDOWS\SYSTEM32\DBGHELP.DLL
0x00007ffb34d00000 - 0x00007ffb3507e000 	C:\WINDOWS\System32\combase.dll
0x00007ffb35810000 - 0x00007ffb358e6000 	C:\WINDOWS\System32\OLEAUT32.dll
0x00007ffb18b80000 - 0x00007ffb18bb9000 	C:\WINDOWS\SYSTEM32\dbgcore.DLL
0x00007ffb332b0000 - 0x00007ffb33349000 	C:\WINDOWS\System32\bcryptPrimitives.dll
0x00007ffb0f6b0000 - 0x00007ffb0f6d5000 	D:\kuliah\Folder-semester\semester-5\5. Pengembangan apk Mobile\AS-dictionary\jbr\bin\java.dll

dbghelp: loaded successfully - version: 4.0.5 - missing functions: none
symbol engine: initialized successfully - sym options: 0x614 - pdb path: .;D:\kuliah\Folder-semester\semester-5\5. Pengembangan apk Mobile\AS-dictionary\jbr\bin;C:\WINDOWS\SYSTEM32;C:\WINDOWS\WinSxS\amd64_microsoft.windows.common-controls_6595b64144ccf1df_6.0.26100.2454_none_3e0b68a2e331ad60;D:\kuliah\Folder-semester\semester-5\5. Pengembangan apk Mobile\AS-dictionary\jbr\bin\server

VM Arguments:
java_command: git4idea.http.GitAskPassApp Username for 'https://github.com': 
java_class_path (initial): D:/kuliah/Folder-semester/semester-5/5. Pengembangan apk Mobile/AS-dictionary/plugins/vcs-git/lib/git4idea-rt.jar;D:/kuliah/Folder-semester/semester-5/5. Pengembangan apk Mobile/AS-dictionary/lib/externalProcess-rt.jar
Launcher Type: SUN_STANDARD

[Global flags]
     intx CICompilerCount                          = 12                                        {product} {ergonomic}
     uint ConcGCThreads                            = 3                                         {product} {ergonomic}
     uint G1ConcRefinementThreads                  = 13                                        {product} {ergonomic}
   size_t G1HeapRegionSize                         = 2097152                                   {product} {ergonomic}
    uintx GCDrainStackTargetSize                   = 64                                        {product} {ergonomic}
   size_t InitialHeapSize                          = 255852544                                 {product} {ergonomic}
   size_t MarkStackSize                            = 4194304                                   {product} {ergonomic}
   size_t MaxHeapSize                              = 4078960640                                {product} {ergonomic}
   size_t MinHeapDeltaBytes                        = 2097152                                   {product} {ergonomic}
   size_t MinHeapSize                              = 8388608                                   {product} {ergonomic}
    uintx NonNMethodCodeHeapSize                   = 7602480                                {pd product} {ergonomic}
    uintx NonProfiledCodeHeapSize                  = 122027880                              {pd product} {ergonomic}
    uintx ProfiledCodeHeapSize                     = 122027880                              {pd product} {ergonomic}
    uintx ReservedCodeCacheSize                    = 251658240                              {pd product} {ergonomic}
     bool SegmentedCodeCache                       = true                                      {product} {ergonomic}
   size_t SoftMaxHeapSize                          = 4078960640                             {manageable} {ergonomic}
     bool UseCompressedClassPointers               = true                           {product lp64_product} {ergonomic}
     bool UseCompressedOops                        = true                           {product lp64_product} {ergonomic}
     bool UseG1GC                                  = true                                      {product} {ergonomic}
     bool UseLargePagesIndividualAllocation        = false                                  {pd product} {ergonomic}

Logging:
Log output configuration:
 #0: stdout all=warning uptime,level,tags
 #1: stderr all=off uptime,level,tags

Environment Variables:
JAVA_HOME=D:\java\bin
PATH=C:\Program Files\Git\mingw64\libexec\git-core;C:\Program Files\Git\mingw64\libexec\git-core;C:\Program Files\Git\mingw64\bin;C:\Program Files\Git\usr\bin;C:\Users\muqtada hasby a\bin;C:\Users\muqtada hasby a\AppData\Local\Programs\Python\Python312\Scripts;C:\Users\muqtada hasby a\AppData\Local\Programs\Python\Python312;C:\Program Files\Common Files\Oracle\Java\javapath;D:\kurang penting\VMware\bin;C:\Program Files (x86)\Common Files\Intel\Shared Libraries\redist\intel64\compiler;C:\Windows\system32;C:\Windows;C:\Windows\System32\Wbem;C:\Windows\System32\WindowsPowerShell\v1.0;C:\Windows\System32\OpenSSH;C:\Program Files (x86)\NVIDIA Corporation\PhysX\Common;C:\Program Files\NVIDIA Corporation\NVIDIA NvDLISR;C:\WINDOWS\system32;C:\WINDOWS;C:\WINDOWS\System32\Wbem;C:\WINDOWS\System32\WindowsPowerShell\v1.0;C:\WINDOWS\System32\OpenSSH;D:\java\bin;C:\EnsiklopediHadits;C:\Python27;C:\Python27\scripts;C:\Program Files\Docker\Docker\resources\bin;C:\Program Files\nodejs;C:\ProgramData\chocolatey\bin;C:\Program Files\Git\cmd;C:\Users\muqtada hasby a\AppData\Local\Programs\Python\Launcher;C:\Users\muqtada hasby a\AppData\Local\Microsoft\WindowsApps;D:\Microsoft VS Code\bin;D:\kuliah\Folder semester\semester 4\10.Pemrograman Berorientasi Objek\IntelliJ IDEA 2024.1.1\bin;D:\kuliah\Folder semester\semester 4\10.Pemrograman Berorientasi Objek\idea\IntelliJ IDEA Community Edition 2024.1.1\bin;D:\kuliah\Folder semester\semester 4\10.Pemrograman Berorientasi Objek\apache-maven-3.9.8-bin;C:\Users\muqtada hasby a\AppData\Roaming\npm;C:\Users\muqtada hasby a\AppData\Local\GitHubDesktop\bin;C:\Users\muqtada hasby a\AppData\Local\Google\Cloud SDK\google-cloud-sdk\bin
USERNAME=muqtada hasby a
DISPLAY=:0.0
LC_ALL=en_US.UTF-8
TERM=xterm-256color
TMPDIR=C:\Users\MUQTAD~1\AppData\Local\Temp
OS=Windows_NT
PROCESSOR_IDENTIFIER=AMD64 Family 25 Model 68 Stepping 1, AuthenticAMD
TMP=C:\Users\MUQTAD~1\AppData\Local\Temp
TEMP=C:\Users\MUQTAD~1\AppData\Local\Temp



Periodic native trim disabled

JNI global refs:
JNI global refs: 0, weak refs: 0

JNI global refs memory usage: 0, weak refs: 0

Process memory usage:
Resident Set Size: 12908K (0% of 15930392K total physical memory with 730960K free physical memory)

OOME stack traces (most recent first):
Classloader memory used:


---------------  S Y S T E M  ---------------

OS:
 Windows 11 , 64 bit Build 26100 (10.0.26100.2454)
OS uptime: 1 days 15:41 hours
Hyper-V role detected

CPU: total 16 (initial active 16) (16 cores per cpu, 2 threads per core) family 25 model 68 stepping 1 microcode 0xa404101, cx8, cmov, fxsr, ht, mmx, 3dnowpref, sse, sse2, sse3, ssse3, sse4a, sse4.1, sse4.2, popcnt, lzcnt, tsc, tscinvbit, avx, avx2, aes, clmul, bmi1, bmi2, adx, sha, fma, vzeroupper, clflush, clflushopt, hv
Processor Information for all 16 processors :
  Max Mhz: 3201, Current Mhz: 2508, Mhz Limit: 3201

Memory: 4k page, system-wide physical 15557M (713M free)
TotalPageFile size 22425M (AvailPageFile size 52M)
current process WorkingSet (physical memory assigned to process): 12M, peak: 12M
current process commit charge ("private bytes"): 70M, peak: 314M

vm_info: OpenJDK 64-Bit Server VM (17.0.11+0--11852314) for windows-amd64 JRE (17.0.11+0--11852314), built on May 16 2024 21:29:20 by "androidbuild" with MS VC++ 16.10 / 16.11 (VS2019)

END.
